<?xml version="1.0" encoding="UTF-8"?>
<robot generator="Robot 6.0.1 (Python 3.7.7 on win32)" generated="20230113 11:24:53.763" rpa="false" schemaversion="3">
<suite id="s1" name="Test-01" source="D:\RobotTest\RobotTestExample\Automation\Test-01.robot">
<test id="s1-t1" name="SampleLoginTest" line="14">
<kw name="Set Selenium Speed" library="SeleniumLibrary">
<arg>0.03 seconds</arg>
<doc>Sets the delay that is waited after each Selenium command.</doc>
<status status="PASS" starttime="20230113 11:24:54.233" endtime="20230113 11:24:54.234"/>
</kw>
<kw name="Launch browser">
<kw name="Open Browser" library="SeleniumLibrary">
<arg>${URL}</arg>
<arg>Chrome</arg>
<doc>Opens a new browser instance to the optional ``url``.</doc>
<msg timestamp="20230113 11:24:54.240" level="INFO">Opening browser 'Chrome' to base url 'https://www.saucedemo.com/'.</msg>
<status status="PASS" starttime="20230113 11:24:54.238" endtime="20230113 11:25:55.140"/>
</kw>
<kw name="Maximize Browser Window" library="SeleniumLibrary">
<doc>Maximizes current browser window.</doc>
<status status="PASS" starttime="20230113 11:25:55.141" endtime="20230113 11:25:56.375"/>
</kw>
<status status="PASS" starttime="20230113 11:24:54.235" endtime="20230113 11:25:56.375"/>
</kw>
<kw name="Login">
<kw name="Input Text" library="SeleniumLibrary">
<arg>id=user-name</arg>
<arg>${credentials}[0]</arg>
<doc>Types the given ``text`` into the text field identified by ``locator``.</doc>
<msg timestamp="20230113 11:25:56.379" level="INFO">Typing text 'standard_user' into text field 'id=user-name'.</msg>
<status status="PASS" starttime="20230113 11:25:56.377" endtime="20230113 11:25:58.800"/>
</kw>
<kw name="Input Password" library="SeleniumLibrary">
<arg>id=password</arg>
<arg>${LoginPassword}[password]</arg>
<doc>Types the given password into the text field identified by ``locator``.</doc>
<msg timestamp="20230113 11:25:58.801" level="INFO">Typing password into text field 'id=password'.</msg>
<msg timestamp="20230113 11:25:58.985" level="INFO">Temporally setting log level to: NONE</msg>
<msg timestamp="20230113 11:25:59.330" level="INFO">Log level changed from NONE to INFO.</msg>
<status status="PASS" starttime="20230113 11:25:58.800" endtime="20230113 11:25:59.331"/>
</kw>
<kw name="Click Button" library="SeleniumLibrary">
<arg>id=login-button</arg>
<doc>Clicks the button identified by ``locator``.</doc>
<msg timestamp="20230113 11:25:59.333" level="INFO">Clicking button 'id=login-button'.</msg>
<status status="PASS" starttime="20230113 11:25:59.331" endtime="20230113 11:26:05.684"/>
</kw>
<status status="PASS" starttime="20230113 11:25:56.377" endtime="20230113 11:26:05.685"/>
</kw>
<kw name="Adding Item To Cart">
<kw name="Click Button" library="SeleniumLibrary">
<arg>id=add-to-cart-sauce-labs-backpack</arg>
<doc>Clicks the button identified by ``locator``.</doc>
<msg timestamp="20230113 11:26:05.687" level="INFO">Clicking button 'id=add-to-cart-sauce-labs-backpack'.</msg>
<status status="PASS" starttime="20230113 11:26:05.686" endtime="20230113 11:26:06.690"/>
</kw>
<kw name="Click Link" library="SeleniumLibrary">
<arg>class=shopping_cart_link</arg>
<doc>Clicks a link identified by ``locator``.</doc>
<msg timestamp="20230113 11:26:06.691" level="INFO">Clicking link 'class=shopping_cart_link'.</msg>
<status status="PASS" starttime="20230113 11:26:06.690" endtime="20230113 11:26:06.955"/>
</kw>
<status status="PASS" starttime="20230113 11:26:05.686" endtime="20230113 11:26:06.955"/>
</kw>
<kw name="Providing details for checkout process">
<kw name="Click Button" library="SeleniumLibrary">
<arg>id=checkout</arg>
<doc>Clicks the button identified by ``locator``.</doc>
<msg timestamp="20230113 11:26:06.957" level="INFO">Clicking button 'id=checkout'.</msg>
<status status="PASS" starttime="20230113 11:26:06.956" endtime="20230113 11:26:07.357"/>
</kw>
<kw name="Input Text" library="SeleniumLibrary">
<arg>id=first-name</arg>
<arg>${information}[0]</arg>
<doc>Types the given ``text`` into the text field identified by ``locator``.</doc>
<msg timestamp="20230113 11:26:07.359" level="INFO">Typing text 'Jhon' into text field 'id=first-name'.</msg>
<status status="PASS" starttime="20230113 11:26:07.357" endtime="20230113 11:26:07.841"/>
</kw>
<kw name="Input Text" library="SeleniumLibrary">
<arg>id=last-name</arg>
<arg>${information}[1]</arg>
<doc>Types the given ``text`` into the text field identified by ``locator``.</doc>
<msg timestamp="20230113 11:26:07.843" level="INFO">Typing text 'Alberto' into text field 'id=last-name'.</msg>
<status status="PASS" starttime="20230113 11:26:07.841" endtime="20230113 11:26:08.278"/>
</kw>
<kw name="Input Text" library="SeleniumLibrary">
<arg>id=postal-code</arg>
<arg>123456</arg>
<doc>Types the given ``text`` into the text field identified by ``locator``.</doc>
<msg timestamp="20230113 11:26:08.279" level="INFO">Typing text '123456' into text field 'id=postal-code'.</msg>
<status status="PASS" starttime="20230113 11:26:08.279" endtime="20230113 11:26:08.576"/>
</kw>
<kw name="Execute Javascript" library="SeleniumLibrary">
<arg>window.scrollTo(0, document.body.scrollHeight)</arg>
<doc>Executes the given JavaScript code with possible arguments.</doc>
<msg timestamp="20230113 11:26:08.578" level="INFO">Executing JavaScript:
window.scrollTo(0, document.body.scrollHeight)
Without any arguments.</msg>
<status status="PASS" starttime="20230113 11:26:08.576" endtime="20230113 11:26:08.840"/>
</kw>
<kw name="Click Button" library="SeleniumLibrary">
<arg>id=continue</arg>
<doc>Clicks the button identified by ``locator``.</doc>
<msg timestamp="20230113 11:26:08.842" level="INFO">Clicking button 'id=continue'.</msg>
<status status="PASS" starttime="20230113 11:26:08.840" endtime="20230113 11:26:09.543"/>
</kw>
<kw name="Click Button" library="SeleniumLibrary">
<arg>id=finish</arg>
<doc>Clicks the button identified by ``locator``.</doc>
<msg timestamp="20230113 11:26:09.546" level="INFO">Clicking button 'id=finish'.</msg>
<status status="PASS" starttime="20230113 11:26:09.544" endtime="20230113 11:26:10.041"/>
</kw>
<status status="PASS" starttime="20230113 11:26:06.956" endtime="20230113 11:26:10.041"/>
</kw>
<kw name="Return to homepage">
<kw name="Click Button" library="SeleniumLibrary">
<arg>id=back-to-products</arg>
<doc>Clicks the button identified by ``locator``.</doc>
<msg timestamp="20230113 11:26:10.044" level="INFO">Clicking button 'id=back-to-products'.</msg>
<status status="PASS" starttime="20230113 11:26:10.042" endtime="20230113 11:26:10.384"/>
</kw>
<kw name="Click Button" library="SeleniumLibrary">
<arg>id=react-burger-menu-btn</arg>
<doc>Clicks the button identified by ``locator``.</doc>
<msg timestamp="20230113 11:26:10.385" level="INFO">Clicking button 'id=react-burger-menu-btn'.</msg>
<status status="PASS" starttime="20230113 11:26:10.384" endtime="20230113 11:26:10.725"/>
</kw>
<status status="PASS" starttime="20230113 11:26:10.042" endtime="20230113 11:26:10.725"/>
</kw>
<kw name="Logout">
<kw name="Click Link" library="SeleniumLibrary">
<arg>id=logout_sidebar_link</arg>
<doc>Clicks a link identified by ``locator``.</doc>
<msg timestamp="20230113 11:26:10.729" level="INFO">Clicking link 'id=logout_sidebar_link'.</msg>
<status status="PASS" starttime="20230113 11:26:10.727" endtime="20230113 11:26:11.161"/>
</kw>
<kw name="Close Browser" library="SeleniumLibrary">
<doc>Closes the current browser.</doc>
<status status="PASS" starttime="20230113 11:26:11.162" endtime="20230113 11:26:13.728"/>
</kw>
<status status="PASS" starttime="20230113 11:26:10.726" endtime="20230113 11:26:13.729"/>
</kw>
<kw name="Log" library="BuiltIn">
<arg>Test completed</arg>
<doc>Logs the given message with the given level.</doc>
<msg timestamp="20230113 11:26:13.730" level="INFO">Test completed</msg>
<status status="PASS" starttime="20230113 11:26:13.730" endtime="20230113 11:26:13.730"/>
</kw>
<kw name="Log" library="BuiltIn">
<arg>This test was executed by %{username} on %{os}</arg>
<doc>Logs the given message with the given level.</doc>
<msg timestamp="20230113 11:26:13.731" level="INFO">This test was executed by hp on Windows_NT</msg>
<status status="PASS" starttime="20230113 11:26:13.731" endtime="20230113 11:26:13.731"/>
</kw>
<doc>This is a sample login testcase</doc>
<status status="PASS" starttime="20230113 11:24:54.232" endtime="20230113 11:26:13.733"/>
</test>
<status status="PASS" starttime="20230113 11:24:53.766" endtime="20230113 11:26:13.736"/>
</suite>
<statistics>
<total>
<stat pass="1" fail="0" skip="0">All Tests</stat>
</total>
<tag>
</tag>
<suite>
<stat pass="1" fail="0" skip="0" id="s1" name="Test-01">Test-01</stat>
</suite>
</statistics>
<errors>
</errors>
</robot>
